1617242658431	geckodriver	INFO	Listening on 127.0.0.1:61989
1617242661719	mozrunner::runner	INFO	Running command: "C:\\Program Files\\Mozilla Firefox\\firefox.exe" "--marionette" "-foreground" "-no-remote" "-profile" "C:\\Users\\Naman\\AppData\\Local\\Temp\\rust_mozprofileZZR8Nq"
console.warn: SearchSettings: "get: No settings file exists, new profile?" (new Error("", "(unknown module)"))
1617242663921	Marionette	INFO	Listening on port 61998
1617242663946	Marionette	WARN	TLS certificate errors will be ignored for this session
1617242702249	Marionette	INFO	Stopped listening on port 61998

###!!! [Child][RunMessage] Error: Channel closing: too late to send/recv, messages will be lost

1617242739144	geckodriver	INFO	Listening on 127.0.0.1:62147
1617242742455	mozrunner::runner	INFO	Running command: "C:\\Program Files\\Mozilla Firefox\\firefox.exe" "--marionette" "-foreground" "-no-remote" "-profile" "C:\\Users\\Naman\\AppData\\Local\\Temp\\rust_mozprofile20FhDm"
console.warn: SearchSettings: "get: No settings file exists, new profile?" (new Error("", "(unknown module)"))
1617242744305	Marionette	INFO	Listening on port 62156
1617242744503	Marionette	WARN	TLS certificate errors will be ignored for this session
console.log: WebExtensions: reset-default-search: No addons in our list are installed.
1617243693337	Marionette	INFO	Stopped listening on port 62156

###!!! [Child][RunMessage] Error: Channel closing: too late to send/recv, messages will be lost

Temp\\rust_mozprofileOCBwtu"
console.warn: SearchSettings: "get: No settings file exists, new profile?" (new Error("", "(unknown module)"))
1617243125399	Marionette	INFO	Listening on port 62340
1617243125634	Marionette	WARN	TLS certificate errors will be ignored for this session
console.log: WebExtensions: reset-default-search: No addons in our list are installed.
1617243693888	Marionette	INFO	Stopped listening on port 62340

###!!! [Child][RunMessage] Error: Channel closing: too late to send/recv, messages will be lost

"--marionette" "-foreground" "-no-remote" "-profile" "C:\\Users\\Naman\\AppData\\Local\\Temp\\rust_mozprofileElFT9j"
console.warn: SearchSettings: "get: No settings file exists, new profile?" (new Error("", "(unknown module)"))
1617243687837	Marionette	INFO	Listening on port 62545
1617243688007	Marionette	WARN	TLS certificate errors will be ignored for this session
1617243696992	Marionette	INFO	Stopped listening on port 62545

###!!! [Child][RunMessage] Error: Channel closing: too late to send/recv, messages will be lost

1617243954165	geckodriver	INFO	Listening on 127.0.0.1:62715
1617243957244	mozrunner::runner	INFO	Running command: "C:\\Program Files\\Mozilla Firefox\\firefox.exe" "--marionette" "-foreground" "-no-remote" "-profile" "C:\\Users\\Naman\\AppData\\Local\\Temp\\rust_mozprofileBlrdY2"
console.warn: SearchSettings: "get: No settings file exists, new profile?" (new Error("", "(unknown module)"))
1617243959249	Marionette	INFO	Listening on port 62725
1617243959314	Marionette	WARN	TLS certificate errors will be ignored for this session
IPDL protocol error: Handler returned error code!

###!!! [Parent][DispatchAsyncMessage] Error: PLayerTransaction::Msg_ReleaseLayer Processing error: message was deserialized, but the handler returned false (indicating failure)

IPDL protocol error: Handler returned error code!

###!!! [Parent][DispatchAsyncMessage] Error: PLayerTransaction::Msg_ReleaseLayer Processing error: message was deserialized, but the handler returned false (indicating failure)

IPDL protocol error: Handler returned error code!

###!!! [Parent][DispatchAsyncMessage] Error: PLayerTransaction::Msg_ReleaseLayer Processing error: message was deserialized, but the handler returned false (indicating failure)

IPDL protocol error: Handler returned error code!

###!!! [Parent][DispatchAsyncMessage] Error: PLayerTransaction::Msg_ReleaseLayer Processing error: message was deserialized, but the handler returned false (indicating failure)

IPDL protocol error: Handler returned error code!

###!!! [Parent][DispatchAsyncMessage] Error: PLayerTransaction::Msg_ReleaseLayer Processing error: message was deserialized, but the handler returned false (indicating failure)

IPDL protocol error: Handler returned error code!

###!!! [Parent][DispatchAsyncMessage] Error: PLayerTransaction::Msg_ReleaseLayer Processing error: message was deserialized, but the handler returned false (indicating failure)

IPDL protocol error: Handler returned error code!

###!!! [Parent][DispatchAsyncMessage] Error: PLayerTransaction::Msg_ReleaseLayer Processing error: message was deserialized, but the handler returned false (indicating failure)

IPDL protocol error: Handler returned error code!

###!!! [Parent][DispatchAsyncMessage] Error: PLayerTransaction::Msg_ReleaseLayer Processing error: message was deserialized, but the handler returned false (indicating failure)

IPDL protocol error: Handler returned error code!

###!!! [Parent][DispatchAsyncMessage] Error: PLayerTransaction::Msg_ReleaseLayer Processing error: message was deserialized, but the handler returned false (indicating failure)

1617244020052	Marionette	INFO	Stopped listening on port 62725

###!!! [Child][RunMessage] Error: Channel closing: too late to send/recv, messages will be lost

1617244337646	geckodriver	INFO	Listening on 127.0.0.1:63068
1617244340677	mozrunner::runner	INFO	Running command: "C:\\Program Files\\Mozilla Firefox\\firefox.exe" "--marionette" "-foreground" "-no-remote" "-profile" "C:\\Users\\Naman\\AppData\\Local\\Temp\\rust_mozprofileicV9V9"
console.warn: SearchSettings: "get: No settings file exists, new profile?" (new Error("", "(unknown module)"))
1617244342453	Marionette	INFO	Listening on port 63077
1617244342726	Marionette	WARN	TLS certificate errors will be ignored for this session
1617244442482	Marionette	INFO	Stopped listening on port 63077
7244440456	mozrunner::runner	INFO	Running command: "C:\\Program Files\\Mozilla Firefox\\firefox.exe" "--marionette" "-foreground" "-no-remote" "-profile" "C:\\Users\\Naman\\AppData\\Local\\Temp\\rust_mozprofileYrE9ll"
console.warn: SearchSettings: "get: No settings file exists, new profile?" (new Error("", "(unknown module)"))
1617244442116	Marionette	INFO	Listening on port 63225
1617244442507	Marionette	WARN	TLS certificate errors will be ignored for this session
1617244464286	Marionette	INFO	Stopped listening on port 63225

###!!! [Child][RunMessage] Error: Channel closing: too late to send/recv, messages will be lost

1617244465974	geckodriver	INFO	Listening on 127.0.0.1:63320
1617244469033	mozrunner::runner	INFO	Running command: "C:\\Program Files\\Mozilla Firefox\\firefox.exe" "--marionette" "-foreground" "-no-remote" "-profile" "C:\\Users\\Naman\\AppData\\Local\\Temp\\rust_mozprofile1MckKP"
console.warn: SearchSettings: "get: No settings file exists, new profile?" (new Error("", "(unknown module)"))
1617244470617	Marionette	INFO	Listening on port 63330
1617244471087	Marionette	WARN	TLS certificate errors will be ignored for this session
1617244547652	Marionette	INFO	Stopped listening on port 63330

###!!! [Child][RunMessage] Error: Channel closing: too late to send/recv, messages will be lost

"--marionette" "-foreground" "-no-remote" "-profile" "C:\\Users\\Naman\\AppData\\Local\\Temp\\rust_mozprofile7PTusN"
console.warn: SearchSettings: "get: No settings file exists, new profile?" (new Error("", "(unknown module)"))
1617244544654	Marionette	INFO	Listening on port 63459
1617244544957	Marionette	WARN	TLS certificate errors will be ignored for this session
IPDL protocol error: Handler returned error code!

###!!! [Parent][DispatchAsyncMessage] Error: PLayerTransaction::Msg_ReleaseLayer Processing error: message was deserialized, but the handler returned false (indicating failure)

IPDL protocol error: Handler returned error code!

###!!! [Parent][DispatchAsyncMessage] Error: PLayerTransaction::Msg_ReleaseLayer Processing error: message was deserialized, but the handler returned false (indicating failure)

IPDL protocol error: Handler returned error code!

###!!! [Parent][1617244608206	Marionette	INFO	Stopped listening on port 63593

###!!! [Child][RunMessage] Error: Channel closing: too late to send/recv, messages will be lost

IPDL protocol error: Handler returned error code!

###!!! [Parent][DispatchAsyncMessage] Error: PLayerTransaction::Msg_ReleaseLayer Processing error: message was deserialized, but the handler returned false (indicating failure)

IPDL protocol error: Handler returned error code!

###!!! [Parent][DispatchAsyncMessage] Error: PLayerTransaction::Msg_ReleaseLayer Processing error: message was deserialized, but the handler returned false (indicating failure)

IPDL protocol error: Handler returned error code!

###!!! [Parent][DispatchAsyncMessage] Error: PLayerTransaction::Msg_ReleaseLayer Processing error: message was deserialized, but the handler returned false (indicating failure)

IPDL protocol error: Handler returned error code!

###!!! [Parent][DispatchAsyncMessage] Error: PLayerTransaction::Msg_ReleaseLayer Processing error: message was deserialized, but the handler returned false (indicating failure)

IPDL protocol error: Handler returned error code!

###!!! [Parent][DispatchAsyncMessage] Error: PLayerTransaction::Msg_ReleaseLayer Processing error: message was deserialized, but the handler returned false (indicating failure)

IPDL protocol error: Handler returned error code!

###!!! [Parent][DispatchAsyncMessage] Error: PLayerTransaction::Msg_ReleaseLayer Processing error: message was deserialized, but the handler returned false (indicating failure)

IPDL protocol error: Handler returned error code!

###!!! [Parent][DispatchAsyncMessage] Error: PLayerTransaction::Msg_ReleaseLayer Processing error: message was deserialized, but the handler returned false (indicating failure)

IPDL protocol error: Handler returned error code!

###!!! [Parent][DispatchAsyncMessage] Error: PLayerTransaction::Msg_ReleaseLayer Processing error: message was deserialized, but the handler returned false (indicating failure)

1617244607455	Marionette	INFO	Stopped listening on port 63459

###!!! [Child][RunMessage] Error: Channel closing: too late to send/recv, messages will be lost

1617244671362	geckodriver	INFO	Listening on 127.0.0.1:63826
1617244674391	mozrunner::runner	INFO	Running command: "C:\\Program Files\\Mozilla Firefox\\firefox.exe" "--marionette" "-foreground" "-no-remote" "-profile" "C:\\Users\\Naman\\AppData\\Local\\Temp\\rust_mozprofileUUhIfR"
console.warn: SearchSettings: "get: No settings file exists, new profile?" (new Error("", "(unknown module)"))
1617244676002	Marionette	INFO	Listening on port 63836
1617244676452	Marionette	WARN	TLS certificate errors will be ignored for this session
1617244767050	Marionette	INFO	Stopped listening on port 63836

###!!! [Child][RunMessage] Error: Channel closing: too late to send/recv, messages will be lost

"--marionette" "-foreground" "-no-remote" "-profile" "C:\\Users\\Naman\\AppData\\Local\\Temp\\rust_mozprofileYiXb2A"
console.warn: SearchSettings: "get: No settings file exists, new profile?" (new Error("", "(unknown module)"))
1617244702622	Marionette	INFO	Listening on port 63948
1617244702661	Marionette	WARN	TLS certificate errors will be ignored for this session
1617244705481	Marionette	INFO	Stopped listening on port 63948
1617245250016	geckodriver	INFO	Listening on 127.0.0.1:64362
1617245253063	mozrunner::runner	INFO	Running command: "C:\\Program Files\\Mozilla Firefox\\firefox.exe" "--marionette" "-foreground" "-no-remote" "-profile" "C:\\Users\\Naman\\AppData\\Local\\Temp\\rust_mozprofileyv4Egb"
console.warn: SearchSettings: "get: No settings file exists, new profile?" (new Error("", "(unknown module)"))
1617245254680	Marionette	INFO	Listening on port 64372
1617245255100	Marionette	WARN	TLS certificate errors will be ignored for this session
1617245315134	Marionette	INFO	Stopped listening on port 64372

###!!! [Child][RunMessage] Error: Channel closing: too late to send/recv, messages will be lost

"--marionette" "-foreground" "-no-remote" "-profile" "C:\\Users\\Naman\\AppData\\Local\\Temp\\rust_mozprofile4AuEwW"
console.warn: SearchSettings: "get: No settings file exists, new profile?" (new Error("", "(unknown module)"))
1617245309618	Marionette	INFO	Listening on port 64498
1617245309963	Marionette	WARN	TLS certificate errors will be ignored for this session
1617245316103	Marionette	INFO	Stopped listening on port 64498

###!!! [Child][RunMessage] Error: Channel closing: too late to send/recv, messages will be lost

"--marionette" "-foreground" "-no-remote" "-profile" "C:\\Users\\Naman\\AppData\\Local\\Temp\\rust_mozprofileeRiBI9"
console.warn: SearchSettings: "get: No settings file exists, new profile?" (new Error("", "(unknown module)"))
1617245315851	Marionette	INFO	Listening on port 64592
1617245316193	Marionette	WARN	TLS certificate errors will be ignored for this session
1617245322918	Marionette	INFO	Stopped listening on port 64592

###!!! [Child][RunMessage] Error: Channel closing: too late to send/recv, messages will be lost

1617245685297	geckodriver	INFO	Listening on 127.0.0.1:64859
1617245688378	mozrunner::runner	INFO	Running command: "C:\\Program Files\\Mozilla Firefox\\firefox.exe" "--marionette" "-foreground" "-no-remote" "-profile" "C:\\Users\\Naman\\AppData\\Local\\Temp\\rust_mozprofileub5ZNS"
console.warn: SearchSettings: "get: No settings file exists, new profile?" (new Error("", "(unknown module)"))
1617245689963	Marionette	INFO	Listening on port 64868
1617245690414	Marionette	WARN	TLS certificate errors will be ignored for this session
1617245693225	Marionette	INFO	Stopped listening on port 64868

###!!! [Child][RunMessage] Error: Channel closing: too late to send/recv, messages will be lost

1617245760833	geckodriver	INFO	Listening on 127.0.0.1:64995
1617245763870	mozrunner::runner	INFO	Running command: "C:\\Program Files\\Mozilla Firefox\\firefox.exe" "--marionette" "-foreground" "-no-remote" "-profile" "C:\\Users\\Naman\\AppData\\Local\\Temp\\rust_mozprofileski6Pm"
console.warn: SearchSettings: "get: No settings file exists, new profile?" (new Error("", "(unknown module)"))
1617245765462	Marionette	INFO	Listening on port 65005
1617245765926	Marionette	WARN	TLS certificate errors will be ignored for this session
1617245829021	Marionette	INFO	Stopped listening on port 65005
7245793423	mozrunner::runner	INFO	Running command: "C:\\Program Files\\Mozilla Firefox\\firefox.exe" "--marionette" "-foreground" "-no-remote" "-profile" "C:\\Users\\Naman\\AppData\\Local\\Temp\\rust_mozprofileGwQ3z4"
console.warn: SearchSettings: "get: No settings file exists, new profile?" (new Error("", "(unknown module)"))
1617245795264	Marionette	INFO	Listening on port 65114
1617245795485	Marionette	WARN	TLS certificate errors will be ignored for this session
1617245798512	Marionette	INFO	Stopped listening on port 65114

###!!! [Child][RunMessage] Error: Channel closing: too late to send/recv, messages will be lost

1617246379175	geckodriver	INFO	Listening on 127.0.0.1:65511
1617246382199	mozrunner::runner	INFO	Running command: "C:\\Program Files\\Mozilla Firefox\\firefox.exe" "--marionette" "-foreground" "-no-remote" "-profile" "C:\\Users\\Naman\\AppData\\Local\\Temp\\rust_mozprofile1AOxa4"
console.warn: SearchSettings: "get: No settings file exists, new profile?" (new Error("", "(unknown module)"))
1617246383885	Marionette	INFO	Listening on port 65520
1617246384268	Marionette	WARN	TLS certificate errors will be ignored for this session
1617246387255	Marionette	INFO	Stopped listening on port 65520

###!!! [Child][RunMessage] Error: Channel closing: too late to send/recv, messages will be lost

1617246803720	geckodriver	INFO	Listening on 127.0.0.1:49473
1617246806758	mozrunner::runner	INFO	Running command: "C:\\Program Files\\Mozilla Firefox\\firefox.exe" "--marionette" "-foreground" "-no-remote" "-profile" "C:\\Users\\Naman\\AppData\\Local\\Temp\\rust_mozprofileS9JwOt"
console.warn: SearchSettings: "get: No settings file exists, new profile?" (new Error("", "(unknown module)"))
1617246808486	Marionette	INFO	Listening on port 49482
1617246808819	Marionette	WARN	TLS certificate errors will be ignored for this session
1617246811983	Marionette	INFO	Stopped listening on port 49482

###!!! [Child][RunMessage] Error: Channel closing: too late to send/recv, messages will be lost

1617246860863	geckodriver	INFO	Listening on 127.0.0.1:49598
1617246863930	mozrunner::runner	INFO	Running command: "C:\\Program Files\\Mozilla Firefox\\firefox.exe" "--marionette" "-foreground" "-no-remote" "-profile" "C:\\Users\\Naman\\AppData\\Local\\Temp\\rust_mozprofile36YHww"
console.warn: SearchSettings: "get: No settings file exists, new profile?" (new Error("", "(unknown module)"))
1617246865581	Marionette	INFO	Listening on port 49607
1617246865990	Marionette	WARN	TLS certificate errors will be ignored for this session
1617246868903	Marionette	INFO	Stopped listening on port 49607

###!!! [Child][RunMessage] Error: Channel closing: too late to send/recv, messages will be lost

1617247186913	geckodriver	INFO	Listening on 127.0.0.1:49878
1617247189969	mozrunner::runner	INFO	Running command: "C:\\Program Files\\Mozilla Firefox\\firefox.exe" "--marionette" "-foreground" "-no-remote" "-profile" "C:\\Users\\Naman\\AppData\\Local\\Temp\\rust_mozprofileg2GVgf"
console.warn: SearchSettings: "get: No settings file exists, new profile?" (new Error("", "(unknown module)"))
1617247191569	Marionette	INFO	Listening on port 49887
1617247192023	Marionette	WARN	TLS certificate errors will be ignored for this session
1617247195034	Marionette	INFO	Stopped listening on port 49887

###!!! [Child][RunMessage] Error: Channel closing: too late to send/recv, messages will be lost

1617247221738	geckodriver	INFO	Listening on 127.0.0.1:50002
1617247224790	mozrunner::runner	INFO	Running command: "C:\\Program Files\\Mozilla Firefox\\firefox.exe" "--marionette" "-foreground" "-no-remote" "-profile" "C:\\Users\\Naman\\AppData\\Local\\Temp\\rust_mozprofileyp6wAI"
console.warn: SearchSettings: "get: No settings file exists, new profile?" (new Error("", "(unknown module)"))
1617247226575	Marionette	INFO	Listening on port 50012
1617247226854	Marionette	WARN	TLS certificate errors will be ignored for this session
1617247229969	Marionette	INFO	Stopped listening on port 50012

###!!! [Child][RunMessage] Error: Channel closing: too late to send/recv, messages will be lost

1617250849622	geckodriver	INFO	Listening on 127.0.0.1:52005
1617250852661	mozrunner::runner	INFO	Running command: "C:\\Program Files\\Mozilla Firefox\\firefox.exe" "--marionette" "-foreground" "-no-remote" "-profile" "C:\\Users\\Naman\\AppData\\Local\\Temp\\rust_mozprofile4TbClo"
console.warn: SearchSettings: "get: No settings file exists, new profile?" (new Error("", "(unknown module)"))
1617250854343	Marionette	INFO	Listening on port 52014
1617250854722	Marionette	WARN	TLS certificate errors will be ignored for this session
1617250857961	Marionette	INFO	Stopped listening on port 52014

###!!! [Child][RunMessage] Error: Channel closing: too late to send/recv, messages will be lost

1617250875840	geckodriver	INFO	Listening on 127.0.0.1:52110
1617250878890	mozrunner::runner	INFO	Running command: "C:\\Program Files\\Mozilla Firefox\\firefox.exe" "--marionette" "-foreground" "-no-remote" "-profile" "C:\\Users\\Naman\\AppData\\Local\\Temp\\rust_mozprofileSNUfoH"
console.warn: SearchSettings: "get: No settings file exists, new profile?" (new Error("", "(unknown module)"))
1617250880562	Marionette	INFO	Listening on port 52119
1617250880945	Marionette	WARN	TLS certificate errors will be ignored for this session
1617250883903	Marionette	INFO	Stopped listening on port 52119

###!!! [Child][RunMessage] Error: Channel closing: too late to send/recv, messages will be lost

1617250912175	geckodriver	INFO	Listening on 127.0.0.1:52226
1617250915234	mozrunner::runner	INFO	Running command: "C:\\Program Files\\Mozilla Firefox\\firefox.exe" "--marionette" "-foreground" "-no-remote" "-profile" "C:\\Users\\Naman\\AppData\\Local\\Temp\\rust_mozprofileO6975U"
console.warn: SearchSettings: "get: No settings file exists, new profile?" (new Error("", "(unknown module)"))
1617250916819	Marionette	INFO	Listening on port 52235
1617250917284	Marionette	WARN	TLS certificate errors will be ignored for this session
1617250920292	Marionette	INFO	Stopped listening on port 52235

###!!! [Child][RunMessage] Error: Channel closing: too late to send/recv, messages will be lost

1617250992718	geckodriver	INFO	Listening on 127.0.0.1:52354
1617250995754	mozrunner::runner	INFO	Running command: "C:\\Program Files\\Mozilla Firefox\\firefox.exe" "--marionette" "-foreground" "-no-remote" "-profile" "C:\\Users\\Naman\\AppData\\Local\\Temp\\rust_mozprofilevDBeDf"
console.warn: SearchSettings: "get: No settings file exists, new profile?" (new Error("", "(unknown module)"))
1617250997347	Marionette	INFO	Listening on port 52363
1617250997820	Marionette	WARN	TLS certificate errors will be ignored for this session
1617251000803	Marionette	INFO	Stopped listening on port 52363
1617251051107	geckodriver	INFO	Listening on 127.0.0.1:52491
1617251054165	mozrunner::runner	INFO	Running command: "C:\\Program Files\\Mozilla Firefox\\firefox.exe" "--marionette" "-foreground" "-no-remote" "-profile" "C:\\Users\\Naman\\AppData\\Local\\Temp\\rust_mozprofile1GIRXG"
console.warn: SearchSettings: "get: No settings file exists, new profile?" (new Error("", "(unknown module)"))
1617251055758	Marionette	INFO	Listening on port 52500
1617251056223	Marionette	WARN	TLS certificate errors will be ignored for this session
1617251059208	Marionette	INFO	Stopped listening on port 52500
1617252756649	geckodriver	INFO	Listening on 127.0.0.1:53525
1617252759693	mozrunner::runner	INFO	Running command: "C:\\Program Files\\Mozilla Firefox\\firefox.exe" "--marionette" "-foreground" "-no-remote" "-profile" "C:\\Users\\Naman\\AppData\\Local\\Temp\\rust_mozprofileas6OyJ"
console.warn: SearchSettings: "get: No settings file exists, new profile?" (new Error("", "(unknown module)"))
1617252761324	Marionette	INFO	Listening on port 53534
1617252761737	Marionette	WARN	TLS certificate errors will be ignored for this session
console.log: WebExtensions: reset-default-search: No addons in our list are installed.
1617261670108	Marionette	INFO	Stopped listening on port 53534

###!!! [Child][RunMessage] Error: Channel closing: too late to send/recv, messages will be lost

1617313765685	geckodriver	INFO	Listening on 127.0.0.1:52182
1617313768710	mozrunner::runner	INFO	Running command: "C:\\Program Files\\Mozilla Firefox\\firefox.exe" "--marionette" "-foreground" "-no-remote" "-profile" "C:\\Users\\Naman\\AppData\\Local\\Temp\\rust_mozprofilePhxtdg"
console.warn: SearchSettings: "get: No settings file exists, new profile?" (new Error("", "(unknown module)"))
1617313770734	Marionette	INFO	Listening on port 52192
1617313770754	Marionette	WARN	TLS certificate errors will be ignored for this session
1617313846541	Marionette	INFO	Stopped listening on port 52192

###!!! [Child][RunMessage] Error: Channel closing: too late to send/recv, messages will be lost

"--marionette" "-foreground" "-no-remote" "-profile" "C:\\Users\\Naman\\AppData\\Local\\Temp\\rust_mozprofileIQ3Esv"
console.warn: SearchSettings: "get: No settings file exists, new profile?" (new Error("", "(unknown module)"))
1617313815507	Marionette	INFO	Listening on port 52305
1617313815759	Marionette	WARN	TLS certificate errors will be ignored for this session
1617313847206	Marionette	INFO	Stopped listening on port 52301617313847358	mozrunner::runner	INFO	Running command: "C:\\Program Files\\Mozilla Firefox\\firefox.exe" "--marionette" "-foreground" "-no-remote" "-profile" "C:\\Users\\Naman\\AppData\\Local\\Temp\\rust_mozprofile7g6bNo"
console.warn: SearchSettings: "get: No settings file exists, new profile?" (new Error("", "(unknown module)"))
1617313849078	Marionette	INFO	Listening on port 52428
1617313849413	Marionette	WARN	TLS certificate errors will be ignored for this session
1617313852568	Marionette	INFO	Stopped listening on port 52428

###!!! [Child][RunMessage] Error: Channel closing: too late to send/recv, messages will be lost

1617313915238	geckodriver	INFO	Listening on 127.0.0.1:52544
1617313918320	mozrunner::runner	INFO	Running command: "C:\\Program Files\\Mozilla Firefox\\firefox.exe" "--marionette" "-foreground" "-no-remote" "-profile" "C:\\Users\\Naman\\AppData\\Local\\Temp\\rust_mozprofilejPCxaf"
console.warn: SearchSettings: "get: No settings file exists, new profile?" (new Error("", "(unknown module)"))
1617313920302	Marionette	INFO	Listening on port 52555
1617313920369	Marionette	WARN	TLS certificate errors will be ignored for this session
1617313923609	Marionette	INFO	Stopped listening on port 52555

###!!! [Child][RunMessage] Error: Channel closing: too late to send/recv, messages will be lost

1617313954270	geckodriver	INFO	Listening on 127.0.0.1:52655
1617313957311	mozrunner::runner	INFO	Running command: "C:\\Program Files\\Mozilla Firefox\\firefox.exe" "--marionette" "-foreground" "-no-remote" "-profile" "C:\\Users\\Naman\\AppData\\Local\\Temp\\rust_mozprofilen1BVVF"
console.warn: SearchSettings: "get: No settings file exists, new profile?" (new Error("", "(unknown module)"))
1617313958921	Marionette	INFO	Listening on port 52665
1617313959360	Marionette	WARN	TLS certificate errors will be ignored for this session
1617313962481	Marionette	INFO	Stopped listening on port 52665

###!!! [Child][RunMessage] Error: Channel closing: too late to send/recv, messages will be lost

1617314008723	geckodriver	INFO	Listening on 127.0.0.1:52775
1617314011776	mozrunner::runner	INFO	Running command: "C:\\Program Files\\Mozilla Firefox\\firefox.exe" "--marionette" "-foreground" "-no-remote" "-profile" "C:\\Users\\Naman\\AppData\\Local\\Temp\\rust_mozprofileChJWKO"
console.warn: SearchSettings: "get: No settings file exists, new profile?" (new Error("", "(unknown module)"))
1617314013459	Marionette	INFO	Listening on port 52785
1617314013819	Marionette	WARN	TLS certificate errors will be ignored for this session
1617314033480	Marionette	INFO	Stopped listening on port 52781617314034252	mozrunner::runner	INFO	Running command: "C:\\Program Files\\Mozilla Firefox\\firefox.exe" "--marionette" "-foreground" "-no-remote" "-profile" "C:\\Users\\Naman\\AppData\\Local\\Temp\\rust_mozprofile9RGiro"
console.warn: SearchSettings: "get: No settings file exists, new profile?" (new Error("", "(unknown module)"))
1617314035809	Marionette	INFO	Listening on port 52907
1617314036318	Marionette	WARN	TLS certificate errors will be ignored for this session
1617314042018	Marionette	INFO	Stopped listening on port 52907

###!!! [Child][RunMessage] Error: Channel closing: too late to send/recv, messages will be lost

1617314830761	geckodriver	INFO	Listening on 127.0.0.1:53617
1617314833801	mozrunner::runner	INFO	Running command: "C:\\Program Files\\Mozilla Firefox\\firefox.exe" "--marionette" "-foreground" "-no-remote" "-profile" "C:\\Users\\Naman\\AppData\\Local\\Temp\\rust_mozprofileUarTJy"
console.warn: SearchSettings: "get: No settings file exists, new profile?" (new Error("", "(unknown module)"))
1617314835613	Marionette	INFO	Listening on port 53626
1617314835857	Marionette	WARN	TLS certificate errors will be ignored for this session
1617314842834	Marionette	INFO	Stopped listening on port 53626

###!!! [Child][RunMessage] Error: Channel closing: too late to send/recv, messages will be lost

1617314893161	geckodriver	INFO	Listening on 127.0.0.1:53789
1617314896230	mozrunner::runner	INFO	Running command: "C:\\Program Files\\Mozilla Firefox\\firefox.exe" "--marionette" "-foreground" "-no-remote" "-profile" "C:\\Users\\Naman\\AppData\\Local\\Temp\\rust_mozprofilex46xfv"
console.warn: SearchSettings: "get: No settings file exists, new profile?" (new Error("", "(unknown module)"))
1617314897941	Marionette	INFO	Listening on port 53799
1617314898284	Marionette	WARN	TLS certificate errors will be ignored for this session
1617314904889	Marionette	INFO	Stopped listening on port 53799
[Child 5028, IPC I/O Child] WARNING: pipe error: 232: file /builds/worker/checkouts/gecko/ipc/chromium/src/chrome/common/ipc_channel_win.cc:544

###!!! [Child][RunMessage] Error: Channel error: cannot send/recv

1617314933193	geckodriver	INFO	Listening on 127.0.0.1:53936
1617314936252	mozrunner::runner	INFO	Running command: "C:\\Program Files\\Mozilla Firefox\\firefox.exe" "--marionette" "-foreground" "-no-remote" "-profile" "C:\\Users\\Naman\\AppData\\Local\\Temp\\rust_mozprofile3wL193"
console.warn: SearchSettings: "get: No settings file exists, new profile?" (new Error("", "(unknown module)"))
1617314938226	Marionette	INFO	Listening on port 53947
1617314938302	Marionette	WARN	TLS certificate errors will be ignored for this session
1617314958703	Marionette	INFO	Stopped listening on port 53947

###!!! [Child][RunMessage] Error: Channel closing: too late to send/recv, messages will be lost

1617315371903	geckodriver	INFO	Listening on 127.0.0.1:54449
1617315374943	mozrunner::runner	INFO	Running command: "C:\\Program Files\\Mozilla Firefox\\firefox.exe" "--marionette" "-foreground" "-no-remote" "-profile" "C:\\Users\\Naman\\AppData\\Local\\Temp\\rust_mozprofileb6vqEI"
console.warn: SearchSettings: "get: No settings file exists, new profile?" (new Error("", "(unknown module)"))
1617315376754	Marionette	INFO	Listening on port 54459
1617315376984	Marionette	WARN	TLS certificate errors will be ignored for this session
1617315385937	Marionette	WARN	Ignoring event 'DOMContentLoaded' because document has an invalid readyState of 'complete'.
1617315401492	Marionette	INFO	Stopped listening on port 54459

###!!! [Child][RunMessage] Error: Channel closing: too late to send/recv, messages will be lost

1617315495878	geckodriver	INFO	Listening on 127.0.0.1:54688
1617315498938	mozrunner::runner	INFO	Running command: "C:\\Program Files\\Mozilla Firefox\\firefox.exe" "--marionette" "-foreground" "-no-remote" "-profile" "C:\\Users\\Naman\\AppData\\Local\\Temp\\rust_mozprofileEAtEOm"
console.warn: SearchSettings: "get: No settings file exists, new profile?" (new Error("", "(unknown module)"))
1617315500726	Marionette	INFO	Listening on port 54697
1617315501018	Marionette	WARN	TLS certificate errors will be ignored for this session
1617315533006	Marionette	INFO	Stopped listening on port 54697

###!!! [Child][RunMessage] Error: Channel closing: too late to send/recv, messages will be lost

1617315534467	geckodriver	INFO	Listening on 127.0.0.1:54810
1617315537546	mozrunner::runner	INFO	Running command: "C:\\Program Files\\Mozilla Firefox\\firefox.exe" "--marionette" "-foreground" "-no-remote" "-profile" "C:\\Users\\Naman\\AppData\\Local\\Temp\\rust_mozprofilehWSzp8"
console.warn: SearchSettings: "get: No settings file exists, new profile?" (new Error("", "(unknown module)"))
1617315539154	Marionette	INFO	Listening on port 54822
1617315539599	Marionette	WARN	TLS certificate errors will be ignored for this session
1617315591866	Marionette	INFO	Stopped listening on port 54822

###!!! [Child][RunMessage] Error: Channel closing: too late to send/recv, messages will be lost

"--marionette" "-foreground" "-no-remote" "-profile" "C:\\Users\\Naman\\AppData\\Local\\Temp\\rust_mozprofilezvWBg0"
console.warn: SearchSettings: "get: No settings file exists, new profile?" (new Error("", "(unknown module)"))
1617315589821	Marionette	INFO	Listening on port 54955
1617315590103	Marionette	WARN	TLS certificate errors will be ignored for this session
IPDL protocol error: Handler returned error code!

###!!! 1617315667118	mozrunner::runner	INFO	Running command: "C:\\Program Files\\Mozilla Firefox\\firefox.exe" "--marionette" "-foreground" "-no-remote" "-profile" "C:\\Users\\Naman\\AppData\\Local\\Temp\\rust_mozprofile9liVtQ"
console.warn: SearchSettings: "get: No settings file exists, new profile?" (new Error("", "(unknown module)"))
1617315668739	Marionette	INFO	Listening on port 55120
1617315669175	Marionette	WARN	TLS certificate errors will be ignored for this session
JavaScript error: , line 0: NotFoundError: No such JSWindowActor 'MarionetteEvents'
JavaScript error: , line 0: NotFoundError: No such JSWindowActor 'MarionetteEvents'
JavaScript error: , line 0: NotFoundError: No such JSWindowActor 'MarionetteEvents'
JavaScript error: , line 0: NotFoundError: No such JSWindowActor 'MarionetteEvents'
JavaScript error: , line 0: NotFoundError: No such JSWindowActor 'MarionetteEvents'
JavaScript error: resource:///modules/FaviconLoader.jsm, line 596: InvalidStateError: JSWindowActorChild.sendAsyncMessage: JSWindowActorChild cannot send at the moment
JavaScript error: resource:///actors/ContentMetaChild.jsm, line 179: InvalidStateError: JSWindowActorChild.sendAsyncMessage: JSWindowActorChild cannot send at the moment
1617315792290	Marionette	INFO	Stopped listening on port 55120

###!!! [Child][RunMessage] Error: Channel closing: too late to send/recv, messages will be lost

t][DispatchAsyncMessage] Error: PLayerTransaction::Msg_ReleaseLayer Processing error: message was deserialized, but the handler returned false (indicating failure)

IPDL protocol error: Handler returned error code!

###!!! [Parent][DispatchAsyncMessage] Error: PLayerTransaction::Msg_ReleaseLayer Processing error: message was deserialized, but the handler returned false (indicating failure)

1617315665845	Marionette	INFO	Stopped listening on port 54955

###!!! [Child][RunMessage] Error: Channel closing: too late to send/recv, messages will be lost

1617316317814	geckodriver	INFO	Listening on 127.0.0.1:55803
1617316320858	mozrunner::runner	INFO	Running command: "C:\\Program Files\\Mozilla Firefox\\firefox.exe" "--marionette" "-foreground" "-no-remote" "-profile" "C:\\Users\\Naman\\AppData\\Local\\Temp\\rust_mozprofileMtbJmI"
console.warn: SearchSettings: "get: No settings file exists, new profile?" (new Error("", "(unknown module)"))
1617316322490	Marionette	INFO	Listening on port 55812
1617316322924	Marionette	WARN	TLS certificate errors will be ignored for this session
JavaScript error: resource:///actors/ContentMetaChild.jsm, line 179: InvalidStateError: JSWindowActorChild.sendAsyncMessage: JSWindowActorChild cannot send at the moment
IPDL protocol error: Handler returned error code!

###!!! [Parent][DispatchAsyncMessage] Error: PLayerTransaction::Msg_ReleaseLayer Processing error: message was deserialized, but the handler returned false (indicating failure)

IPDL protocol error: Handler returned error code!

###!!! [Parent][DispatchAsyncMessage] Error: PLayerTransaction::Msg_ReleaseLayer Processing error: message was deserialized, but the handler returned false (indicating failure)

IPDL protocol error: Handler returned error code!

###!!! [Parent][DispatchAsyncMessage] Error: PLayerTransaction::Msg_ReleaseLayer Processing error: message was deserialized, but the handler returned false (indicating failure)

IPDL protocol error: Handler returned error code!

###!!! [Parent][DispatchAsyncMessage] Error: PLayerTransaction::Msg_ReleaseLayer Processing error: message was deserialized, but the handler returned false (indicating failure)

IPDL protocol error: Handler returned error code!

###!!! [Parent][DispatchAsyncMessage] Error: PLayerTransaction::Msg_ReleaseLayer Processing error: message was deserialized, but the handler returned false (indicating failure)

IPDL protocol error: Handler returned error code!

###!!! [Parent][DispatchAsyncMessage] Error: PLayerTransaction::Msg_ReleaseLayer Processing error: message was deserialized, but the handler returned false (indicating failure)

IPDL protocol error: Handler returned error code!

###!!! [Parent][DispatchAsyncMessage] Error: PLayerTransaction::Msg_ReleaseLayer Processing error: message was deserialized, but the handler returned false (indicating failure)

IPDL protocol error: Handler returned error code!

###!!! [Parent][DispatchAsyncMessage] Error: PLayerTransaction::Msg_ReleaseLayer Processing error: message was deserialized, but the handler returned false (indicating failure)

IPDL protocol error: Handler returned error code!

###!!! [Parent][DispatchAsyncMessage] Error: PLayerTransaction::Msg_ReleaseLayer Processing error: message was deserialized, but the handler returned false (indicating failure)

IPDL protocol error: Handler returned error code!

###!!! [Parent][DispatchAsyncMessage] Error: PLayerTransaction::Msg_ReleaseLayer Processing error: message was deserialized, but the handler returned false (indicating failure)

IPDL protocol error: Handler returned error code!

###!!! [Parent][DispatchAsyncMessage] Error: PLayerTransaction::Msg_ReleaseLayer Processing error: message was deserialized, but the handler returned false (indicating failure)

IPDL protocol error: Handler returned error code!

###!!! [Parent][DispatchAsyncMessage] Error: PLayerTransaction::Msg_ReleaseLayer Processing error: message was deserialized, but the handler returned false (indicating failure)

IPDL protocol error: Handler returned error code!

###!!! [Parent][DispatchAsyncMessage] Error: PLayerTransaction::Msg_ReleaseLayer Processing error: message was deserialized, but the handler returned false (indicating failure)

IPDL protocol error: Handler returned error code!

###!!! [Parent][DispatchAsyncMessage] Error: PLayerTransaction::Msg_ReleaseLayer Processing error: message was deserialized, but the handler returned false (indicating failure)

1617316478439	Marionette	INFO	Stopped listening on port 55812

###!!! [Child][RunMessage] Error: Channel closing: too late to send/recv, messages will be lost

1617316481002	geckodriver	INFO	Listening on 127.0.0.1:56111
1617316484063	mozrunner::runner	INFO	Running command: "C:\\Program Files\\Mozilla Firefox\\firefox.exe" "--marionette" "-foreground" "-no-remote" "-profile" "C:\\Users\\Naman\\AppData\\Local\\Temp\\rust_mozprofileTD2M80"
console.warn: SearchSettings: "get: No settings file exists, new profile?" (new Error("", "(unknown module)"))
1617316485919	Marionette	INFO	Listening on port 56120
1617316486105	Marionette	WARN	TLS certificate errors will be ignored for this session
JavaScript error: resource:///actors/ContentMetaChild.jsm, line 179: InvalidStateError: JSWindowActorChild.sendAsyncMessage: JSWindowActorChild cannot send at the moment
1617316641731	Marionette	INFO	Stopped listening on port 56120

###!!! [Child][RunMessage] Error: Channel closing: too late to send/recv, messages will be lost

"--marionette" "-foreground" "-no-remote" "-profile" "C:\\Users\\Naman\\AppData\\Local\\Temp\\rust_mozprofile50BKlx"
console.warn: SearchSettings: "get: No settings file exists, new profile?" (new Error("", "(unknown module)"))
1617316642708	Marionette	INFO	Listening on port 56442
1617316642891	Marionette	WARN	TLS certificate errors will be ignored for this session
1617316700409	Marionette	INFO	Stopped listening on port 56442

###!!! [Child][MessageChannel] Error: (msgtype=0x5B0009,name=PHttpChannel::Msg_DeletingChannel) Channel closing: too late to send/recv, messages will be lost


###!!! [Child][RunMessage] Error: Channel closing: too late to send/recv, messages will be lost

1617316735748	geckodriver	INFO	Listening on 127.0.0.1:56823
1617316738809	mozrunner::runner	INFO	Running command: "C:\\Program Files\\Mozilla Firefox\\firefox.exe" "--marionette" "-foreground" "-no-remote" "-profile" "C:\\Users\\Naman\\AppData\\Local\\Temp\\rust_mozprofilekPVPp1"
console.warn: SearchSettings: "get: No settings file exists, new profile?" (new Error("", "(unknown module)"))
1617316740382	Marionette	INFO	Listening on port 56832
1617316740860	Marionette	WARN	TLS certificate errors will be ignored for this session
1617316787088	Marionette	INFO	Stopped listening on port 56832

###!!! [Child][RunMessage] Error: Channel closing: too late to send/recv, messages will be lost


###!!! [Child][RunMessage] Error: Channel closing: too late to send/recv, messages will be lost


###!!! [Child][RunMessage] Error: Channel closing: too late to send/recv, messages will be lost


###!!! [Child][RunMessage] Error: Channel closing: too late to send/recv, messages will be lost

1617316823603	geckodriver	INFO	Listening on 127.0.0.1:57125
1617316826644	mozrunner::runner	INFO	Running command: "C:\\Program Files\\Mozilla Firefox\\firefox.exe" "--marionette" "-foreground" "-no-remote" "-profile" "C:\\Users\\Naman\\AppData\\Local\\Temp\\rust_mozprofileWhklu8"
console.warn: SearchSettings: "get: No settings file exists, new profile?" (new Error("", "(unknown module)"))
1617316828213	Marionette	INFO	Listening on port 57134
1617316828715	Marionette	WARN	TLS certificate errors will be ignored for this session
1617316854076	Marionette	WARN	Ignoring event 'DOMContentLoaded' because document has an invalid readyState of 'complete'.
1617316925605	Marionette	INFO	Stopped listening on port 57134

###!!! [Child][RunMessage] Error: Channel closing: too late to send/recv, messages will be lost

"--marionette" "-foreground" "-no-remote" "-profile" "C:\\Users\\Naman\\AppData\\Local\\Temp\\rust_mozprofilefhU4vB"
console.warn: SearchSettings: "get: No settings file exists, new profile?" (new Error("", "(unknown module)"))
1617316926642	Marionette	INFO	Listening on port 57426
1617316927083	Marionette	WARN	TLS certificate errors will be ignored for this session
1617316978897	Marionette	INFO	Stopped listening on port 57426

###!!! [Child][RunMessage] Error: Channel closing: too late to send/recv, messages will be lost

"--marionette" "-foreground" "-no-remote" "-profile" "C:\\Users\\Naman\\AppData\\Local\\Temp\\rust_mozprofileOG3Ab9"
console.warn: SearchSettings: "get: No settings file exists, new profile?" (new Error("", "(unknown module)"))
1617316980154	Marionette	INFO	Listening on port 57659
1617316980661	Marionette	WARN	TLS certificate errors will be ignored for this session
1617317405571	Marionette	INFO	Stopped listening on port 57659

###!!! [Child][RunMessage] Error: Channel closing: too late to send/recv, messages will be lost

"--marionette" "-foreground" "-no-remote" "-profile" "C:\\Users\\Naman\\AppData\\Local\\Temp\\rust_mozprofileUZ3bxU"
console.warn: SearchSettings: "get: No settings file exists, new profile?" (new Error("", "(unknown module)"))
1617317258568	Marionette	INFO	Listening on port 58028
1617317258873	Marionette	WARN	TLS certificate errors will be ignored for this session
1617317274573	Marionette	WARN	Ignoring event 'DOMContentLoaded' because document has an invalid readyState of 'complete'.
1617317288318	Marionette	INFO	Stopped listening on port 58028

###!!! [Child][RunMessage] Error: Channel closing: too late to send/recv, messages will be lost

